<?xml version="1.0" encoding="UTF-8"?>
<!-- Generated by org.testng.reporters.JUnitXMLReporter -->
<testsuite hostname="SURAJ" ignored="2" name="Test" tests="1" failures="0" timestamp="2022-03-15T15:44:57 IST" time="43.426" errors="0">
  <testcase name="crtNewUserWithoutPayroll" time="24.696" classname="testCases.TestCase_TC04"/>
  <testcase name="validateAddNewUserDetails" time="0.0" classname="testCases.TestCase_TC04">
    <ignored/>
  </testcase> <!-- validateAddNewUserDetails -->
  <testcase name="validateEnabilityOfUserPage" time="0.0" classname="testCases.TestCase_TC04">
    <ignored/>
  </testcase> <!-- validateEnabilityOfUserPage -->
</testsuite> <!-- Test -->
