<?xml version="1.0" encoding="UTF-8"?>
<testng-results skipped="0" failed="0" ignored="3" total="3" passed="0">
  <reporter-output>
  </reporter-output>
  <suite name="Suite" duration-ms="0" started-at="2022-02-23T10:11:25 IST" finished-at="2022-02-23T10:11:25 IST">
    <groups>
    </groups>
    <test name="Test" duration-ms="0" started-at="2022-02-23T10:11:25 IST" finished-at="2022-02-23T10:11:25 IST">
      <class name="testCases.TestCase_TC01">
        <test-method status="PASS" signature="beforeSuit()[pri:0, instance:testCases.TestCase_TC01@69379752]" name="beforeSuit" is-config="true" duration-ms="149" started-at="2022-02-23T10:11:25 IST" finished-at="2022-02-23T10:11:25 IST">
          <reporter-output>
          </reporter-output>
        </test-method> <!-- beforeSuit -->
        <test-method status="PASS" signature="afterSuit()[pri:0, instance:testCases.TestCase_TC01@69379752]" name="afterSuit" is-config="true" duration-ms="1" started-at="2022-02-23T10:11:25 IST" finished-at="2022-02-23T10:11:25 IST">
          <reporter-output>
          </reporter-output>
        </test-method> <!-- afterSuit -->
      </class> <!-- testCases.TestCase_TC01 -->
    </test> <!-- Test -->
  </suite> <!-- Suite -->
</testng-results>
