<?xml version="1.0" encoding="UTF-8"?>
<testsuite xmlns:xsi="http://www.w3.org/2001/XMLSchema-instance" xsi:noNamespaceSchemaLocation="https://maven.apache.org/surefire/maven-surefire-plugin/xsd/surefire-test-report-3.0.xsd" version="3.0" name="TestSuite" time="914.873" tests="1" errors="0" skipped="0" failures="0">
  <properties>
[...]
</properties>
  <testcase name="writeXML" classname="runTimexml.CreateTestNGXML" time="914.337">
    <system-out><![CDATA[writeXML is started the test 
[TestNGContentHandler] [WARN] It is strongly recommended to add "<!DOCTYPE suite SYSTEM "https://testng.org/testng-1.0.dtd" >" at the top of the suite file [C:\Users\softe\eclipse-workspace\Inn-flow\Inn-flow\RunTime.xml] otherwise TestNG may fail or not work as expected.
TC001ValidLogin is started the test 
TC001ValidLogin  is Failed 
TC002InvalidLoginWithPass is started the test 
TC002InvalidLoginWithPass  is Passed  
TC003InvalidLoginWith_InactiveId is started the test 
TC003InvalidLoginWith_InactiveId  is Failed 
TC004InvalidLoginWith_IncompleteUser is started the test 
TC004InvalidLoginWith_IncompleteUser  is Passed  
TC005InvalidLoginWith_InvalidUser is started the test 
TC005InvalidLoginWith_InvalidUser  is Passed  
TC007VerifyPre_detailPgByEmail is started the test 
TC007VerifyPre_detailPgByEmail  is Passed  
Test case is Finished 

===============================================
Suite
Total tests run: 6, Passes: 4, Failures: 2, Skips: 0
===============================================

]]></system-out>
    <system-err><![CDATA[Starting ChromeDriver 97.0.4692.71 (adefa7837d02a07a604c1e6eff0b3a09422ab88d-refs/branch-heads/4692@{#1247}) on port 43055
Only local connections are allowed.
Please see https://chromedriver.chromium.org/security-considerations for suggestions on keeping ChromeDriver safe.
ChromeDriver was started successfully.
[1646296727.879][WARNING]: This version of ChromeDriver has not been tested with Chrome version 98.
Mar 03, 2022 2:08:48 PM org.openqa.selenium.remote.ProtocolHandshake createSession
INFO: Detected dialect: W3C
log4j:WARN No appenders could be found for logger (webUtills.WebUtills).
log4j:WARN Please initialize the log4j system properly.
log4j:WARN See http://logging.apache.org/log4j/1.2/faq.html#noconfig for more info.
Starting ChromeDriver 97.0.4692.71 (adefa7837d02a07a604c1e6eff0b3a09422ab88d-refs/branch-heads/4692@{#1247}) on port 8729
Only local connections are allowed.
Please see https://chromedriver.chromium.org/security-considerations for suggestions on keeping ChromeDriver safe.
ChromeDriver was started successfully.
[1646296997.031][WARNING]: This version of ChromeDriver has not been tested with Chrome version 98.
Mar 03, 2022 2:13:17 PM org.openqa.selenium.remote.ProtocolHandshake createSession
INFO: Detected dialect: W3C
Starting ChromeDriver 97.0.4692.71 (adefa7837d02a07a604c1e6eff0b3a09422ab88d-refs/branch-heads/4692@{#1247}) on port 38300
Only local connections are allowed.
Please see https://chromedriver.chromium.org/security-considerations for suggestions on keeping ChromeDriver safe.
ChromeDriver was started successfully.
[1646297249.401][WARNING]: This version of ChromeDriver has not been tested with Chrome version 98.
Mar 03, 2022 2:17:29 PM org.openqa.selenium.remote.ProtocolHandshake createSession
INFO: Detected dialect: W3C
Starting ChromeDriver 97.0.4692.71 (adefa7837d02a07a604c1e6eff0b3a09422ab88d-refs/branch-heads/4692@{#1247}) on port 39416
Only local connections are allowed.
Please see https://chromedriver.chromium.org/security-considerations for suggestions on keeping ChromeDriver safe.
ChromeDriver was started successfully.
[1646297496.168][WARNING]: This version of ChromeDriver has not been tested with Chrome version 98.
Mar 03, 2022 2:21:36 PM org.openqa.selenium.remote.ProtocolHandshake createSession
INFO: Detected dialect: W3C
Starting ChromeDriver 97.0.4692.71 (adefa7837d02a07a604c1e6eff0b3a09422ab88d-refs/branch-heads/4692@{#1247}) on port 26330
Only local connections are allowed.
Please see https://chromedriver.chromium.org/security-considerations for suggestions on keeping ChromeDriver safe.
ChromeDriver was started successfully.
[1646297554.864][WARNING]: This version of ChromeDriver has not been tested with Chrome version 98.
Mar 03, 2022 2:22:34 PM org.openqa.selenium.remote.ProtocolHandshake createSession
INFO: Detected dialect: W3C
Starting ChromeDriver 97.0.4692.71 (adefa7837d02a07a604c1e6eff0b3a09422ab88d-refs/branch-heads/4692@{#1247}) on port 20585
Only local connections are allowed.
Please see https://chromedriver.chromium.org/security-considerations for suggestions on keeping ChromeDriver safe.
ChromeDriver was started successfully.
[1646297588.982][WARNING]: This version of ChromeDriver has not been tested with Chrome version 98.
Mar 03, 2022 2:23:09 PM org.openqa.selenium.remote.ProtocolHandshake createSession
INFO: Detected dialect: W3C
]]></system-err>
  </testcase>
</testsuite>