<?xml version="1.0" encoding="UTF-8"?>
<testng-results skipped="0" failed="0" ignored="0" total="1" passed="1">
  <reporter-output>
  </reporter-output>
  <suite name="Suite" duration-ms="4628" started-at="2022-02-23T09:26:12 IST" finished-at="2022-02-23T09:26:16 IST">
    <groups>
    </groups>
    <test name="Test" duration-ms="4628" started-at="2022-02-23T09:26:12 IST" finished-at="2022-02-23T09:26:16 IST">
      <class name="runTimexml.CreateTestNGXML">
        <test-method status="PASS" signature="writeXML()[pri:0, instance:runTimexml.CreateTestNGXML@86be70a]" name="writeXML" duration-ms="4607" started-at="2022-02-23T09:26:12 IST" finished-at="2022-02-23T09:26:16 IST">
          <reporter-output>
          </reporter-output>
        </test-method> <!-- writeXML -->
      </class> <!-- runTimexml.CreateTestNGXML -->
    </test> <!-- Test -->
  </suite> <!-- Suite -->
</testng-results>
